2025-05-08 21:07:48,383 - pyngrok.process - INFO - Updating authtoken for default "config_path" of "ngrok_path": /Users/ejike/Library/Application Support/ngrok/ngrok
2025-05-08 21:07:48,399 - pyngrok.process - INFO - Overriding default auth token
2025-05-08 21:07:48,410 - pyngrok.process.ngrok - INFO - t=2025-05-08T21:07:48-0400 lvl=info msg="no configuration paths supplied"
2025-05-08 21:07:48,410 - pyngrok.process.ngrok - INFO - t=2025-05-08T21:07:48-0400 lvl=info msg="using configuration at default config path" path="/Users/ejike/Library/Application Support/ngrok/ngrok.yml"
2025-05-08 21:07:48,410 - pyngrok.process.ngrok - INFO - t=2025-05-08T21:07:48-0400 lvl=info msg="open config file" path="/Users/ejike/Library/Application Support/ngrok/ngrok.yml" err=nil
2025-05-08 21:07:48,411 - pyngrok.process.ngrok - WARNING - t=2025-05-08T21:07:48-0400 lvl=warn msg="can't bind default web address, trying alternatives" obj=web addr=127.0.0.1:4040
2025-05-08 21:07:48,411 - pyngrok.process.ngrok - INFO - t=2025-05-08T21:07:48-0400 lvl=info msg="starting web service" obj=web addr=127.0.0.1:4041 allow_hosts=[]
2025-05-08 21:07:48,652 - pyngrok.process.ngrok - ERROR - t=2025-05-08T21:07:48-0400 lvl=eror msg="failed to reconnect session" obj=tunnels.session err="authentication failed: Your account is limited to 1 simultaneous ngrok agent sessions.\nYou can run multiple simultaneous tunnels from a single agent session by defining the tunnels in your agent configuration file and starting them with the command `ngrok start --all`.\nRead more about the agent configuration file: https://ngrok.com/docs/secure-tunnels/ngrok-agent/reference/config\nYou can view your current agent sessions in the dashboard:\nhttps://dashboard.ngrok.com/agents\r\n\r\nERR_NGROK_108\r\n"
2025-05-08 21:07:48,653 - pyngrok.process.ngrok - ERROR - t=2025-05-08T21:07:48-0400 lvl=eror msg="session closing" obj=tunnels.session err="authentication failed: Your account is limited to 1 simultaneous ngrok agent sessions.\nYou can run multiple simultaneous tunnels from a single agent session by defining the tunnels in your agent configuration file and starting them with the command `ngrok start --all`.\nRead more about the agent configuration file: https://ngrok.com/docs/secure-tunnels/ngrok-agent/reference/config\nYou can view your current agent sessions in the dashboard:\nhttps://dashboard.ngrok.com/agents\r\n\r\nERR_NGROK_108\r\n"
2025-05-08 21:07:48,653 - pyngrok.process.ngrok - INFO - t=2025-05-08T21:07:48-0400 lvl=info msg="received stop request" obj=app stopReq="{err:{Remote:true Inner:{Inner:0x14000484770}} restart:false}"
2025-05-08 21:07:48,653 - pyngrok.process.ngrok - ERROR - t=2025-05-08T21:07:48-0400 lvl=eror msg="terminating with error" obj=app err="authentication failed: Your account is limited to 1 simultaneous ngrok agent sessions.\nYou can run multiple simultaneous tunnels from a single agent session by defining the tunnels in your agent configuration file and starting them with the command `ngrok start --all`.\nRead more about the agent configuration file: https://ngrok.com/docs/secure-tunnels/ngrok-agent/reference/config\nYou can view your current agent sessions in the dashboard:\nhttps://dashboard.ngrok.com/agents\r\n\r\nERR_NGROK_108\r\n"
2025-05-08 21:07:48,654 - pyngrok.process.ngrok - CRITICAL - t=2025-05-08T21:07:48-0400 lvl=crit msg="command failed" err="authentication failed: Your account is limited to 1 simultaneous ngrok agent sessions.\nYou can run multiple simultaneous tunnels from a single agent session by defining the tunnels in your agent configuration file and starting them with the command `ngrok start --all`.\nRead more about the agent configuration file: https://ngrok.com/docs/secure-tunnels/ngrok-agent/reference/config\nYou can view your current agent sessions in the dashboard:\nhttps://dashboard.ngrok.com/agents\r\n\r\nERR_NGROK_108\r\n"
2025-05-08 21:07:48,654 - pyngrok.process.ngrok - INFO - t=2025-05-08T21:07:48-0400 lvl=info msg="no more state changes" obj=tunnels.session
2025-05-08 21:07:48,655 - api.routes - ERROR - Error in background processing: The ngrok process errored on start: authentication failed: Your account is limited to 1 simultaneous ngrok agent sessions.\nYou can run multiple simultaneous tunnels from a single agent session by defining the tunnels in your agent configuration file and starting them with the command `ngrok start --all`.\nRead more about the agent configuration file: https://ngrok.com/docs/secure-tunnels/ngrok-agent/reference/config\nYou can view your current agent sessions in the dashboard:\nhttps://dashboard.ngrok.com/agents\r\n\r\nERR_NGROK_108\r\n.
2025-05-08 21:08:33,087 - pyngrok.process - INFO - Updating authtoken for default "config_path" of "ngrok_path": /Users/ejike/Library/Application Support/ngrok/ngrok
2025-05-08 21:08:33,101 - pyngrok.process - INFO - Overriding default auth token
2025-05-08 21:08:33,112 - pyngrok.process.ngrok - INFO - t=2025-05-08T21:08:33-0400 lvl=info msg="no configuration paths supplied"
2025-05-08 21:08:33,113 - pyngrok.process.ngrok - INFO - t=2025-05-08T21:08:33-0400 lvl=info msg="using configuration at default config path" path="/Users/ejike/Library/Application Support/ngrok/ngrok.yml"
2025-05-08 21:08:33,113 - pyngrok.process.ngrok - INFO - t=2025-05-08T21:08:33-0400 lvl=info msg="open config file" path="/Users/ejike/Library/Application Support/ngrok/ngrok.yml" err=nil
2025-05-08 21:08:33,113 - pyngrok.process.ngrok - WARNING - t=2025-05-08T21:08:33-0400 lvl=warn msg="can't bind default web address, trying alternatives" obj=web addr=127.0.0.1:4040
2025-05-08 21:08:33,114 - pyngrok.process.ngrok - INFO - t=2025-05-08T21:08:33-0400 lvl=info msg="starting web service" obj=web addr=127.0.0.1:4041 allow_hosts=[]
2025-05-08 21:08:33,608 - pyngrok.process.ngrok - ERROR - t=2025-05-08T21:08:33-0400 lvl=eror msg="failed to reconnect session" obj=tunnels.session err="authentication failed: Your account is limited to 1 simultaneous ngrok agent sessions.\nYou can run multiple simultaneous tunnels from a single agent session by defining the tunnels in your agent configuration file and starting them with the command `ngrok start --all`.\nRead more about the agent configuration file: https://ngrok.com/docs/secure-tunnels/ngrok-agent/reference/config\nYou can view your current agent sessions in the dashboard:\nhttps://dashboard.ngrok.com/agents\r\n\r\nERR_NGROK_108\r\n"
2025-05-08 21:08:33,609 - pyngrok.process.ngrok - ERROR - t=2025-05-08T21:08:33-0400 lvl=eror msg="session closing" obj=tunnels.session err="authentication failed: Your account is limited to 1 simultaneous ngrok agent sessions.\nYou can run multiple simultaneous tunnels from a single agent session by defining the tunnels in your agent configuration file and starting them with the command `ngrok start --all`.\nRead more about the agent configuration file: https://ngrok.com/docs/secure-tunnels/ngrok-agent/reference/config\nYou can view your current agent sessions in the dashboard:\nhttps://dashboard.ngrok.com/agents\r\n\r\nERR_NGROK_108\r\n"
2025-05-08 21:08:33,609 - pyngrok.process.ngrok - INFO - t=2025-05-08T21:08:33-0400 lvl=info msg="received stop request" obj=app stopReq="{err:{Remote:true Inner:{Inner:0x14000929640}} restart:false}"
2025-05-08 21:08:33,609 - pyngrok.process.ngrok - ERROR - t=2025-05-08T21:08:33-0400 lvl=eror msg="terminating with error" obj=app err="authentication failed: Your account is limited to 1 simultaneous ngrok agent sessions.\nYou can run multiple simultaneous tunnels from a single agent session by defining the tunnels in your agent configuration file and starting them with the command `ngrok start --all`.\nRead more about the agent configuration file: https://ngrok.com/docs/secure-tunnels/ngrok-agent/reference/config\nYou can view your current agent sessions in the dashboard:\nhttps://dashboard.ngrok.com/agents\r\n\r\nERR_NGROK_108\r\n"
2025-05-08 21:08:33,610 - pyngrok.process.ngrok - CRITICAL - t=2025-05-08T21:08:33-0400 lvl=crit msg="command failed" err="authentication failed: Your account is limited to 1 simultaneous ngrok agent sessions.\nYou can run multiple simultaneous tunnels from a single agent session by defining the tunnels in your agent configuration file and starting them with the command `ngrok start --all`.\nRead more about the agent configuration file: https://ngrok.com/docs/secure-tunnels/ngrok-agent/reference/config\nYou can view your current agent sessions in the dashboard:\nhttps://dashboard.ngrok.com/agents\r\n\r\nERR_NGROK_108\r\n"
2025-05-08 21:08:33,610 - pyngrok.process.ngrok - INFO - t=2025-05-08T21:08:33-0400 lvl=info msg="no more state changes" obj=tunnels.session
2025-05-08 21:08:33,611 - api.routes - ERROR - Error in background processing: The ngrok process errored on start: authentication failed: Your account is limited to 1 simultaneous ngrok agent sessions.\nYou can run multiple simultaneous tunnels from a single agent session by defining the tunnels in your agent configuration file and starting them with the command `ngrok start --all`.\nRead more about the agent configuration file: https://ngrok.com/docs/secure-tunnels/ngrok-agent/reference/config\nYou can view your current agent sessions in the dashboard:\nhttps://dashboard.ngrok.com/agents\r\n\r\nERR_NGROK_108\r\n.
2025-05-08 21:09:33,768 - pyngrok.process - INFO - Updating authtoken for default "config_path" of "ngrok_path": /Users/ejike/Library/Application Support/ngrok/ngrok
2025-05-08 21:09:33,780 - pyngrok.process - INFO - Overriding default auth token
2025-05-08 21:09:33,788 - pyngrok.process.ngrok - INFO - t=2025-05-08T21:09:33-0400 lvl=info msg="no configuration paths supplied"
2025-05-08 21:09:33,789 - pyngrok.process.ngrok - INFO - t=2025-05-08T21:09:33-0400 lvl=info msg="using configuration at default config path" path="/Users/ejike/Library/Application Support/ngrok/ngrok.yml"
2025-05-08 21:09:33,789 - pyngrok.process.ngrok - INFO - t=2025-05-08T21:09:33-0400 lvl=info msg="open config file" path="/Users/ejike/Library/Application Support/ngrok/ngrok.yml" err=nil
2025-05-08 21:09:33,789 - pyngrok.process.ngrok - WARNING - t=2025-05-08T21:09:33-0400 lvl=warn msg="can't bind default web address, trying alternatives" obj=web addr=127.0.0.1:4040
2025-05-08 21:09:33,789 - pyngrok.process.ngrok - INFO - t=2025-05-08T21:09:33-0400 lvl=info msg="starting web service" obj=web addr=127.0.0.1:4041 allow_hosts=[]
2025-05-08 21:09:34,385 - pyngrok.process.ngrok - ERROR - t=2025-05-08T21:09:34-0400 lvl=eror msg="failed to reconnect session" obj=tunnels.session err="authentication failed: Your account is limited to 1 simultaneous ngrok agent sessions.\nYou can run multiple simultaneous tunnels from a single agent session by defining the tunnels in your agent configuration file and starting them with the command `ngrok start --all`.\nRead more about the agent configuration file: https://ngrok.com/docs/secure-tunnels/ngrok-agent/reference/config\nYou can view your current agent sessions in the dashboard:\nhttps://dashboard.ngrok.com/agents\r\n\r\nERR_NGROK_108\r\n"
2025-05-08 21:09:34,386 - pyngrok.process.ngrok - ERROR - t=2025-05-08T21:09:34-0400 lvl=eror msg="session closing" obj=tunnels.session err="authentication failed: Your account is limited to 1 simultaneous ngrok agent sessions.\nYou can run multiple simultaneous tunnels from a single agent session by defining the tunnels in your agent configuration file and starting them with the command `ngrok start --all`.\nRead more about the agent configuration file: https://ngrok.com/docs/secure-tunnels/ngrok-agent/reference/config\nYou can view your current agent sessions in the dashboard:\nhttps://dashboard.ngrok.com/agents\r\n\r\nERR_NGROK_108\r\n"
2025-05-08 21:09:34,387 - pyngrok.process.ngrok - INFO - t=2025-05-08T21:09:34-0400 lvl=info msg="received stop request" obj=app stopReq="{err:{Remote:true Inner:{Inner:0x14000054610}} restart:false}"
2025-05-08 21:09:34,387 - pyngrok.process.ngrok - ERROR - t=2025-05-08T21:09:34-0400 lvl=eror msg="terminating with error" obj=app err="authentication failed: Your account is limited to 1 simultaneous ngrok agent sessions.\nYou can run multiple simultaneous tunnels from a single agent session by defining the tunnels in your agent configuration file and starting them with the command `ngrok start --all`.\nRead more about the agent configuration file: https://ngrok.com/docs/secure-tunnels/ngrok-agent/reference/config\nYou can view your current agent sessions in the dashboard:\nhttps://dashboard.ngrok.com/agents\r\n\r\nERR_NGROK_108\r\n"
2025-05-08 21:09:34,388 - pyngrok.process.ngrok - CRITICAL - t=2025-05-08T21:09:34-0400 lvl=crit msg="command failed" err="authentication failed: Your account is limited to 1 simultaneous ngrok agent sessions.\nYou can run multiple simultaneous tunnels from a single agent session by defining the tunnels in your agent configuration file and starting them with the command `ngrok start --all`.\nRead more about the agent configuration file: https://ngrok.com/docs/secure-tunnels/ngrok-agent/reference/config\nYou can view your current agent sessions in the dashboard:\nhttps://dashboard.ngrok.com/agents\r\n\r\nERR_NGROK_108\r\n"
2025-05-08 21:09:34,388 - pyngrok.process.ngrok - INFO - t=2025-05-08T21:09:34-0400 lvl=info msg="no more state changes" obj=tunnels.session
2025-05-08 21:09:34,389 - api.routes - ERROR - Error in background processing: The ngrok process errored on start: authentication failed: Your account is limited to 1 simultaneous ngrok agent sessions.\nYou can run multiple simultaneous tunnels from a single agent session by defining the tunnels in your agent configuration file and starting them with the command `ngrok start --all`.\nRead more about the agent configuration file: https://ngrok.com/docs/secure-tunnels/ngrok-agent/reference/config\nYou can view your current agent sessions in the dashboard:\nhttps://dashboard.ngrok.com/agents\r\n\r\nERR_NGROK_108\r\n.
2025-05-08 21:13:52,836 - pyngrok.process - INFO - Updating authtoken for default "config_path" of "ngrok_path": /Users/ejike/Library/Application Support/ngrok/ngrok
2025-05-08 21:13:52,853 - pyngrok.process - INFO - Overriding default auth token
2025-05-08 21:13:52,864 - pyngrok.process.ngrok - INFO - t=2025-05-08T21:13:52-0400 lvl=info msg="no configuration paths supplied"
2025-05-08 21:13:52,864 - pyngrok.process.ngrok - INFO - t=2025-05-08T21:13:52-0400 lvl=info msg="using configuration at default config path" path="/Users/ejike/Library/Application Support/ngrok/ngrok.yml"
2025-05-08 21:13:52,864 - pyngrok.process.ngrok - INFO - t=2025-05-08T21:13:52-0400 lvl=info msg="open config file" path="/Users/ejike/Library/Application Support/ngrok/ngrok.yml" err=nil
2025-05-08 21:13:52,864 - pyngrok.process.ngrok - WARNING - t=2025-05-08T21:13:52-0400 lvl=warn msg="can't bind default web address, trying alternatives" obj=web addr=127.0.0.1:4040
2025-05-08 21:13:52,864 - pyngrok.process.ngrok - INFO - t=2025-05-08T21:13:52-0400 lvl=info msg="starting web service" obj=web addr=127.0.0.1:4041 allow_hosts=[]
2025-05-08 21:13:53,034 - pyngrok.process.ngrok - ERROR - t=2025-05-08T21:13:53-0400 lvl=eror msg="failed to reconnect session" obj=tunnels.session err="authentication failed: Your account is limited to 1 simultaneous ngrok agent sessions.\nYou can run multiple simultaneous tunnels from a single agent session by defining the tunnels in your agent configuration file and starting them with the command `ngrok start --all`.\nRead more about the agent configuration file: https://ngrok.com/docs/secure-tunnels/ngrok-agent/reference/config\nYou can view your current agent sessions in the dashboard:\nhttps://dashboard.ngrok.com/agents\r\n\r\nERR_NGROK_108\r\n"
2025-05-08 21:13:53,034 - pyngrok.process.ngrok - ERROR - t=2025-05-08T21:13:53-0400 lvl=eror msg="session closing" obj=tunnels.session err="authentication failed: Your account is limited to 1 simultaneous ngrok agent sessions.\nYou can run multiple simultaneous tunnels from a single agent session by defining the tunnels in your agent configuration file and starting them with the command `ngrok start --all`.\nRead more about the agent configuration file: https://ngrok.com/docs/secure-tunnels/ngrok-agent/reference/config\nYou can view your current agent sessions in the dashboard:\nhttps://dashboard.ngrok.com/agents\r\n\r\nERR_NGROK_108\r\n"
2025-05-08 21:13:53,035 - pyngrok.process.ngrok - INFO - t=2025-05-08T21:13:53-0400 lvl=info msg="received stop request" obj=app stopReq="{err:{Remote:true Inner:{Inner:0x140006129d0}} restart:false}"
2025-05-08 21:13:53,035 - api.routes - ERROR - Error in background processing: The ngrok process errored on start: authentication failed: Your account is limited to 1 simultaneous ngrok agent sessions.\nYou can run multiple simultaneous tunnels from a single agent session by defining the tunnels in your agent configuration file and starting them with the command `ngrok start --all`.\nRead more about the agent configuration file: https://ngrok.com/docs/secure-tunnels/ngrok-agent/reference/config\nYou can view your current agent sessions in the dashboard:\nhttps://dashboard.ngrok.com/agents\r\n\r\nERR_NGROK_108\r\n.
2025-05-08 21:14:25,699 - pyngrok.process - INFO - Updating authtoken for default "config_path" of "ngrok_path": /Users/ejike/Library/Application Support/ngrok/ngrok
2025-05-08 21:14:25,712 - pyngrok.process - INFO - Overriding default auth token
2025-05-08 21:14:25,721 - pyngrok.process.ngrok - INFO - t=2025-05-08T21:14:25-0400 lvl=info msg="no configuration paths supplied"
2025-05-08 21:14:25,722 - pyngrok.process.ngrok - INFO - t=2025-05-08T21:14:25-0400 lvl=info msg="using configuration at default config path" path="/Users/ejike/Library/Application Support/ngrok/ngrok.yml"
2025-05-08 21:14:25,722 - pyngrok.process.ngrok - INFO - t=2025-05-08T21:14:25-0400 lvl=info msg="open config file" path="/Users/ejike/Library/Application Support/ngrok/ngrok.yml" err=nil
2025-05-08 21:14:25,722 - pyngrok.process.ngrok - WARNING - t=2025-05-08T21:14:25-0400 lvl=warn msg="can't bind default web address, trying alternatives" obj=web addr=127.0.0.1:4040
2025-05-08 21:14:25,722 - pyngrok.process.ngrok - INFO - t=2025-05-08T21:14:25-0400 lvl=info msg="starting web service" obj=web addr=127.0.0.1:4041 allow_hosts=[]
2025-05-08 21:14:25,849 - pyngrok.process.ngrok - ERROR - t=2025-05-08T21:14:25-0400 lvl=eror msg="failed to reconnect session" obj=tunnels.session err="authentication failed: Your account is limited to 1 simultaneous ngrok agent sessions.\nYou can run multiple simultaneous tunnels from a single agent session by defining the tunnels in your agent configuration file and starting them with the command `ngrok start --all`.\nRead more about the agent configuration file: https://ngrok.com/docs/secure-tunnels/ngrok-agent/reference/config\nYou can view your current agent sessions in the dashboard:\nhttps://dashboard.ngrok.com/agents\r\n\r\nERR_NGROK_108\r\n"
2025-05-08 21:14:25,850 - pyngrok.process.ngrok - ERROR - t=2025-05-08T21:14:25-0400 lvl=eror msg="session closing" obj=tunnels.session err="authentication failed: Your account is limited to 1 simultaneous ngrok agent sessions.\nYou can run multiple simultaneous tunnels from a single agent session by defining the tunnels in your agent configuration file and starting them with the command `ngrok start --all`.\nRead more about the agent configuration file: https://ngrok.com/docs/secure-tunnels/ngrok-agent/reference/config\nYou can view your current agent sessions in the dashboard:\nhttps://dashboard.ngrok.com/agents\r\n\r\nERR_NGROK_108\r\n"
2025-05-08 21:14:25,850 - pyngrok.process.ngrok - INFO - t=2025-05-08T21:14:25-0400 lvl=info msg="received stop request" obj=app stopReq="{err:{Remote:true Inner:{Inner:0x14000186520}} restart:false}"
2025-05-08 21:14:25,850 - pyngrok.process.ngrok - ERROR - t=2025-05-08T21:14:25-0400 lvl=eror msg="terminating with error" obj=app err="authentication failed: Your account is limited to 1 simultaneous ngrok agent sessions.\nYou can run multiple simultaneous tunnels from a single agent session by defining the tunnels in your agent configuration file and starting them with the command `ngrok start --all`.\nRead more about the agent configuration file: https://ngrok.com/docs/secure-tunnels/ngrok-agent/reference/config\nYou can view your current agent sessions in the dashboard:\nhttps://dashboard.ngrok.com/agents\r\n\r\nERR_NGROK_108\r\n"
2025-05-08 21:14:25,850 - pyngrok.process.ngrok - CRITICAL - t=2025-05-08T21:14:25-0400 lvl=crit msg="command failed" err="authentication failed: Your account is limited to 1 simultaneous ngrok agent sessions.\nYou can run multiple simultaneous tunnels from a single agent session by defining the tunnels in your agent configuration file and starting them with the command `ngrok start --all`.\nRead more about the agent configuration file: https://ngrok.com/docs/secure-tunnels/ngrok-agent/reference/config\nYou can view your current agent sessions in the dashboard:\nhttps://dashboard.ngrok.com/agents\r\n\r\nERR_NGROK_108\r\n"
2025-05-08 21:14:25,850 - pyngrok.process.ngrok - INFO - t=2025-05-08T21:14:25-0400 lvl=info msg="no more state changes" obj=tunnels.session
2025-05-08 21:14:25,851 - api.routes - ERROR - Error in background processing: The ngrok process errored on start: authentication failed: Your account is limited to 1 simultaneous ngrok agent sessions.\nYou can run multiple simultaneous tunnels from a single agent session by defining the tunnels in your agent configuration file and starting them with the command `ngrok start --all`.\nRead more about the agent configuration file: https://ngrok.com/docs/secure-tunnels/ngrok-agent/reference/config\nYou can view your current agent sessions in the dashboard:\nhttps://dashboard.ngrok.com/agents\r\n\r\nERR_NGROK_108\r\n.
2025-05-08 21:16:24,028 - pyngrok.process - INFO - Updating authtoken for default "config_path" of "ngrok_path": /Users/ejike/Library/Application Support/ngrok/ngrok
2025-05-08 21:16:24,043 - pyngrok.process - INFO - Overriding default auth token
2025-05-08 21:16:24,053 - pyngrok.process.ngrok - INFO - t=2025-05-08T21:16:24-0400 lvl=info msg="no configuration paths supplied"
2025-05-08 21:16:24,053 - pyngrok.process.ngrok - INFO - t=2025-05-08T21:16:24-0400 lvl=info msg="using configuration at default config path" path="/Users/ejike/Library/Application Support/ngrok/ngrok.yml"
2025-05-08 21:16:24,053 - pyngrok.process.ngrok - INFO - t=2025-05-08T21:16:24-0400 lvl=info msg="open config file" path="/Users/ejike/Library/Application Support/ngrok/ngrok.yml" err=nil
2025-05-08 21:16:24,053 - pyngrok.process.ngrok - WARNING - t=2025-05-08T21:16:24-0400 lvl=warn msg="can't bind default web address, trying alternatives" obj=web addr=127.0.0.1:4040
2025-05-08 21:16:24,053 - pyngrok.process.ngrok - INFO - t=2025-05-08T21:16:24-0400 lvl=info msg="starting web service" obj=web addr=127.0.0.1:4041 allow_hosts=[]
2025-05-08 21:16:24,227 - pyngrok.process.ngrok - ERROR - t=2025-05-08T21:16:24-0400 lvl=eror msg="failed to reconnect session" obj=tunnels.session err="authentication failed: Your account is limited to 1 simultaneous ngrok agent sessions.\nYou can run multiple simultaneous tunnels from a single agent session by defining the tunnels in your agent configuration file and starting them with the command `ngrok start --all`.\nRead more about the agent configuration file: https://ngrok.com/docs/secure-tunnels/ngrok-agent/reference/config\nYou can view your current agent sessions in the dashboard:\nhttps://dashboard.ngrok.com/agents\r\n\r\nERR_NGROK_108\r\n"
2025-05-08 21:16:24,227 - pyngrok.process.ngrok - ERROR - t=2025-05-08T21:16:24-0400 lvl=eror msg="session closing" obj=tunnels.session err="authentication failed: Your account is limited to 1 simultaneous ngrok agent sessions.\nYou can run multiple simultaneous tunnels from a single agent session by defining the tunnels in your agent configuration file and starting them with the command `ngrok start --all`.\nRead more about the agent configuration file: https://ngrok.com/docs/secure-tunnels/ngrok-agent/reference/config\nYou can view your current agent sessions in the dashboard:\nhttps://dashboard.ngrok.com/agents\r\n\r\nERR_NGROK_108\r\n"
2025-05-08 21:16:24,227 - pyngrok.process.ngrok - INFO - t=2025-05-08T21:16:24-0400 lvl=info msg="received stop request" obj=app stopReq="{err:{Remote:true Inner:{Inner:0x140008126f0}} restart:false}"
2025-05-08 21:16:24,227 - pyngrok.process.ngrok - ERROR - t=2025-05-08T21:16:24-0400 lvl=eror msg="terminating with error" obj=app err="authentication failed: Your account is limited to 1 simultaneous ngrok agent sessions.\nYou can run multiple simultaneous tunnels from a single agent session by defining the tunnels in your agent configuration file and starting them with the command `ngrok start --all`.\nRead more about the agent configuration file: https://ngrok.com/docs/secure-tunnels/ngrok-agent/reference/config\nYou can view your current agent sessions in the dashboard:\nhttps://dashboard.ngrok.com/agents\r\n\r\nERR_NGROK_108\r\n"
2025-05-08 21:16:24,228 - pyngrok.process.ngrok - CRITICAL - t=2025-05-08T21:16:24-0400 lvl=crit msg="command failed" err="authentication failed: Your account is limited to 1 simultaneous ngrok agent sessions.\nYou can run multiple simultaneous tunnels from a single agent session by defining the tunnels in your agent configuration file and starting them with the command `ngrok start --all`.\nRead more about the agent configuration file: https://ngrok.com/docs/secure-tunnels/ngrok-agent/reference/config\nYou can view your current agent sessions in the dashboard:\nhttps://dashboard.ngrok.com/agents\r\n\r\nERR_NGROK_108\r\n"
2025-05-08 21:16:24,228 - pyngrok.process.ngrok - INFO - t=2025-05-08T21:16:24-0400 lvl=info msg="no more state changes" obj=tunnels.session
2025-05-08 21:16:24,228 - api.routes - ERROR - Error in background processing: The ngrok process errored on start: authentication failed: Your account is limited to 1 simultaneous ngrok agent sessions.\nYou can run multiple simultaneous tunnels from a single agent session by defining the tunnels in your agent configuration file and starting them with the command `ngrok start --all`.\nRead more about the agent configuration file: https://ngrok.com/docs/secure-tunnels/ngrok-agent/reference/config\nYou can view your current agent sessions in the dashboard:\nhttps://dashboard.ngrok.com/agents\r\n\r\nERR_NGROK_108\r\n.
2025-05-08 21:18:52,744 - pyngrok.process - INFO - Updating authtoken for default "config_path" of "ngrok_path": /Users/ejike/Library/Application Support/ngrok/ngrok
2025-05-08 21:18:52,757 - pyngrok.process - INFO - Overriding default auth token
2025-05-08 21:18:52,767 - pyngrok.process.ngrok - INFO - t=2025-05-08T21:18:52-0400 lvl=info msg="no configuration paths supplied"
2025-05-08 21:18:52,767 - pyngrok.process.ngrok - INFO - t=2025-05-08T21:18:52-0400 lvl=info msg="using configuration at default config path" path="/Users/ejike/Library/Application Support/ngrok/ngrok.yml"
2025-05-08 21:18:52,767 - pyngrok.process.ngrok - INFO - t=2025-05-08T21:18:52-0400 lvl=info msg="open config file" path="/Users/ejike/Library/Application Support/ngrok/ngrok.yml" err=nil
2025-05-08 21:18:52,768 - pyngrok.process.ngrok - WARNING - t=2025-05-08T21:18:52-0400 lvl=warn msg="can't bind default web address, trying alternatives" obj=web addr=127.0.0.1:4040
2025-05-08 21:18:52,768 - pyngrok.process.ngrok - INFO - t=2025-05-08T21:18:52-0400 lvl=info msg="starting web service" obj=web addr=127.0.0.1:4041 allow_hosts=[]
2025-05-08 21:18:53,189 - pyngrok.process.ngrok - ERROR - t=2025-05-08T21:18:53-0400 lvl=eror msg="failed to reconnect session" obj=tunnels.session err="authentication failed: Your account is limited to 1 simultaneous ngrok agent sessions.\nYou can run multiple simultaneous tunnels from a single agent session by defining the tunnels in your agent configuration file and starting them with the command `ngrok start --all`.\nRead more about the agent configuration file: https://ngrok.com/docs/secure-tunnels/ngrok-agent/reference/config\nYou can view your current agent sessions in the dashboard:\nhttps://dashboard.ngrok.com/agents\r\n\r\nERR_NGROK_108\r\n"
2025-05-08 21:18:53,190 - pyngrok.process.ngrok - ERROR - t=2025-05-08T21:18:53-0400 lvl=eror msg="session closing" obj=tunnels.session err="authentication failed: Your account is limited to 1 simultaneous ngrok agent sessions.\nYou can run multiple simultaneous tunnels from a single agent session by defining the tunnels in your agent configuration file and starting them with the command `ngrok start --all`.\nRead more about the agent configuration file: https://ngrok.com/docs/secure-tunnels/ngrok-agent/reference/config\nYou can view your current agent sessions in the dashboard:\nhttps://dashboard.ngrok.com/agents\r\n\r\nERR_NGROK_108\r\n"
2025-05-08 21:18:53,190 - pyngrok.process.ngrok - INFO - t=2025-05-08T21:18:53-0400 lvl=info msg="received stop request" obj=app stopReq="{err:{Remote:true Inner:{Inner:0x14000642080}} restart:false}"
2025-05-08 21:18:53,191 - pyngrok.process.ngrok - ERROR - t=2025-05-08T21:18:53-0400 lvl=eror msg="terminating with error" obj=app err="authentication failed: Your account is limited to 1 simultaneous ngrok agent sessions.\nYou can run multiple simultaneous tunnels from a single agent session by defining the tunnels in your agent configuration file and starting them with the command `ngrok start --all`.\nRead more about the agent configuration file: https://ngrok.com/docs/secure-tunnels/ngrok-agent/reference/config\nYou can view your current agent sessions in the dashboard:\nhttps://dashboard.ngrok.com/agents\r\n\r\nERR_NGROK_108\r\n"
2025-05-08 21:18:53,191 - pyngrok.process.ngrok - CRITICAL - t=2025-05-08T21:18:53-0400 lvl=crit msg="command failed" err="authentication failed: Your account is limited to 1 simultaneous ngrok agent sessions.\nYou can run multiple simultaneous tunnels from a single agent session by defining the tunnels in your agent configuration file and starting them with the command `ngrok start --all`.\nRead more about the agent configuration file: https://ngrok.com/docs/secure-tunnels/ngrok-agent/reference/config\nYou can view your current agent sessions in the dashboard:\nhttps://dashboard.ngrok.com/agents\r\n\r\nERR_NGROK_108\r\n"
2025-05-08 21:18:53,191 - pyngrok.process.ngrok - INFO - t=2025-05-08T21:18:53-0400 lvl=info msg="no more state changes" obj=tunnels.session
2025-05-08 21:18:53,193 - api.routes - ERROR - Error in background processing: The ngrok process errored on start: authentication failed: Your account is limited to 1 simultaneous ngrok agent sessions.\nYou can run multiple simultaneous tunnels from a single agent session by defining the tunnels in your agent configuration file and starting them with the command `ngrok start --all`.\nRead more about the agent configuration file: https://ngrok.com/docs/secure-tunnels/ngrok-agent/reference/config\nYou can view your current agent sessions in the dashboard:\nhttps://dashboard.ngrok.com/agents\r\n\r\nERR_NGROK_108\r\n.
2025-05-08 21:37:48,459 - pyngrok.process - INFO - Updating authtoken for default "config_path" of "ngrok_path": /Users/ejike/Library/Application Support/ngrok/ngrok
2025-05-08 21:37:48,474 - pyngrok.process - INFO - Overriding default auth token
2025-05-08 21:37:48,485 - pyngrok.process.ngrok - INFO - t=2025-05-08T21:37:48-0400 lvl=info msg="no configuration paths supplied"
2025-05-08 21:37:48,485 - pyngrok.process.ngrok - INFO - t=2025-05-08T21:37:48-0400 lvl=info msg="using configuration at default config path" path="/Users/ejike/Library/Application Support/ngrok/ngrok.yml"
2025-05-08 21:37:48,485 - pyngrok.process.ngrok - INFO - t=2025-05-08T21:37:48-0400 lvl=info msg="open config file" path="/Users/ejike/Library/Application Support/ngrok/ngrok.yml" err=nil
2025-05-08 21:37:48,486 - pyngrok.process.ngrok - WARNING - t=2025-05-08T21:37:48-0400 lvl=warn msg="can't bind default web address, trying alternatives" obj=web addr=127.0.0.1:4040
2025-05-08 21:37:48,486 - pyngrok.process.ngrok - INFO - t=2025-05-08T21:37:48-0400 lvl=info msg="starting web service" obj=web addr=127.0.0.1:4041 allow_hosts=[]
2025-05-08 21:37:48,655 - pyngrok.process.ngrok - ERROR - t=2025-05-08T21:37:48-0400 lvl=eror msg="failed to reconnect session" obj=tunnels.session err="authentication failed: Your account is limited to 1 simultaneous ngrok agent sessions.\nYou can run multiple simultaneous tunnels from a single agent session by defining the tunnels in your agent configuration file and starting them with the command `ngrok start --all`.\nRead more about the agent configuration file: https://ngrok.com/docs/secure-tunnels/ngrok-agent/reference/config\nYou can view your current agent sessions in the dashboard:\nhttps://dashboard.ngrok.com/agents\r\n\r\nERR_NGROK_108\r\n"
2025-05-08 21:37:48,655 - pyngrok.process.ngrok - ERROR - t=2025-05-08T21:37:48-0400 lvl=eror msg="session closing" obj=tunnels.session err="authentication failed: Your account is limited to 1 simultaneous ngrok agent sessions.\nYou can run multiple simultaneous tunnels from a single agent session by defining the tunnels in your agent configuration file and starting them with the command `ngrok start --all`.\nRead more about the agent configuration file: https://ngrok.com/docs/secure-tunnels/ngrok-agent/reference/config\nYou can view your current agent sessions in the dashboard:\nhttps://dashboard.ngrok.com/agents\r\n\r\nERR_NGROK_108\r\n"
2025-05-08 21:37:48,656 - pyngrok.process.ngrok - INFO - t=2025-05-08T21:37:48-0400 lvl=info msg="received stop request" obj=app stopReq="{err:{Remote:true Inner:{Inner:0x14000485210}} restart:false}"
2025-05-08 21:37:48,656 - pyngrok.process.ngrok - ERROR - t=2025-05-08T21:37:48-0400 lvl=eror msg="terminating with error" obj=app err="authentication failed: Your account is limited to 1 simultaneous ngrok agent sessions.\nYou can run multiple simultaneous tunnels from a single agent session by defining the tunnels in your agent configuration file and starting them with the command `ngrok start --all`.\nRead more about the agent configuration file: https://ngrok.com/docs/secure-tunnels/ngrok-agent/reference/config\nYou can view your current agent sessions in the dashboard:\nhttps://dashboard.ngrok.com/agents\r\n\r\nERR_NGROK_108\r\n"
2025-05-08 21:37:48,656 - pyngrok.process.ngrok - CRITICAL - t=2025-05-08T21:37:48-0400 lvl=crit msg="command failed" err="authentication failed: Your account is limited to 1 simultaneous ngrok agent sessions.\nYou can run multiple simultaneous tunnels from a single agent session by defining the tunnels in your agent configuration file and starting them with the command `ngrok start --all`.\nRead more about the agent configuration file: https://ngrok.com/docs/secure-tunnels/ngrok-agent/reference/config\nYou can view your current agent sessions in the dashboard:\nhttps://dashboard.ngrok.com/agents\r\n\r\nERR_NGROK_108\r\n"
2025-05-08 21:37:48,656 - pyngrok.process.ngrok - INFO - t=2025-05-08T21:37:48-0400 lvl=info msg="no more state changes" obj=tunnels.session
2025-05-08 21:37:48,656 - api.routes - ERROR - Error in background processing: The ngrok process errored on start: authentication failed: Your account is limited to 1 simultaneous ngrok agent sessions.\nYou can run multiple simultaneous tunnels from a single agent session by defining the tunnels in your agent configuration file and starting them with the command `ngrok start --all`.\nRead more about the agent configuration file: https://ngrok.com/docs/secure-tunnels/ngrok-agent/reference/config\nYou can view your current agent sessions in the dashboard:\nhttps://dashboard.ngrok.com/agents\r\n\r\nERR_NGROK_108\r\n.
2025-05-09 17:20:26,560 - pyngrok.process - INFO - Updating authtoken for default "config_path" of "ngrok_path": /Users/ejike/Documents/GitHub/venv/lib/python3.11/site-packages/pyngrok/bin/ngrok
2025-05-09 17:20:26,643 - pyngrok.process.ngrok - INFO - t=2025-05-09T17:20:26-0400 lvl=info msg="no configuration paths supplied"
2025-05-09 17:20:26,643 - pyngrok.process.ngrok - WARNING - t=2025-05-09T17:20:26-0400 lvl=warn msg="ngrok config file found at both XDG and legacy locations, using XDG location" xdg_path="/Users/ejike/Library/Application Support/ngrok/ngrok.yml" legacy_path=/Users/ejike/.ngrok2/ngrok.yml
2025-05-09 17:20:26,643 - pyngrok.process.ngrok - INFO - t=2025-05-09T17:20:26-0400 lvl=info msg="using configuration at default config path" path="/Users/ejike/Library/Application Support/ngrok/ngrok.yml"
2025-05-09 17:20:26,643 - pyngrok.process.ngrok - INFO - t=2025-05-09T17:20:26-0400 lvl=info msg="open config file" path="/Users/ejike/Library/Application Support/ngrok/ngrok.yml" err=nil
2025-05-09 17:20:26,645 - pyngrok.process.ngrok - INFO - t=2025-05-09T17:20:26-0400 lvl=info msg="starting web service" obj=web addr=127.0.0.1:4040 allow_hosts=[]
2025-05-09 17:20:26,807 - pyngrok.process.ngrok - INFO - t=2025-05-09T17:20:26-0400 lvl=info msg="client session established" obj=tunnels.session
2025-05-09 17:20:26,807 - pyngrok.process.ngrok - INFO - t=2025-05-09T17:20:26-0400 lvl=info msg="tunnel session started" obj=tunnels.session
2025-05-09 17:20:26,814 - pyngrok.process.ngrok - INFO - t=2025-05-09T17:20:26-0400 lvl=info msg=start pg=/api/tunnels id=cbf2867ac5084b06
2025-05-09 17:20:26,814 - pyngrok.process.ngrok - INFO - t=2025-05-09T17:20:26-0400 lvl=info msg=end pg=/api/tunnels id=cbf2867ac5084b06 status=200 dur=99.667µs
2025-05-09 17:20:26,814 - pyngrok.process.ngrok - INFO - t=2025-05-09T17:20:26-0400 lvl=info msg=start pg=/api/tunnels id=a540416c31b3d942
2025-05-09 17:20:26,815 - pyngrok.process.ngrok - INFO - t=2025-05-09T17:20:26-0400 lvl=info msg=end pg=/api/tunnels id=a540416c31b3d942 status=200 dur=35.291µs
2025-05-09 17:20:26,815 - pyngrok.process.ngrok - INFO - t=2025-05-09T17:20:26-0400 lvl=info msg=start pg=/api/tunnels id=6ac0efde199aaa7a
2025-05-09 17:20:26,815 - pyngrok.process.ngrok - INFO - t=2025-05-09T17:20:26-0400 lvl=info msg=end pg=/api/tunnels id=6ac0efde199aaa7a status=200 dur=40.042µs
2025-05-09 17:20:26,815 - pyngrok.process - INFO - Killing ngrok process: 2710
2025-05-09 17:20:27,824 - pyngrok.ngrok - INFO - Opening tunnel named: images_server
2025-05-09 17:20:27,849 - pyngrok.process.ngrok - INFO - t=2025-05-09T17:20:27-0400 lvl=info msg="no configuration paths supplied"
2025-05-09 17:20:27,850 - pyngrok.process.ngrok - WARNING - t=2025-05-09T17:20:27-0400 lvl=warn msg="ngrok config file found at both XDG and legacy locations, using XDG location" xdg_path="/Users/ejike/Library/Application Support/ngrok/ngrok.yml" legacy_path=/Users/ejike/.ngrok2/ngrok.yml
2025-05-09 17:20:27,850 - pyngrok.process.ngrok - INFO - t=2025-05-09T17:20:27-0400 lvl=info msg="using configuration at default config path" path="/Users/ejike/Library/Application Support/ngrok/ngrok.yml"
2025-05-09 17:20:27,850 - pyngrok.process.ngrok - INFO - t=2025-05-09T17:20:27-0400 lvl=info msg="open config file" path="/Users/ejike/Library/Application Support/ngrok/ngrok.yml" err=nil
2025-05-09 17:20:27,850 - pyngrok.process.ngrok - INFO - t=2025-05-09T17:20:27-0400 lvl=info msg="starting web service" obj=web addr=127.0.0.1:4040 allow_hosts=[]
2025-05-09 17:20:27,969 - pyngrok.process.ngrok - INFO - t=2025-05-09T17:20:27-0400 lvl=info msg="client session established" obj=tunnels.session
2025-05-09 17:20:27,969 - pyngrok.process.ngrok - INFO - t=2025-05-09T17:20:27-0400 lvl=info msg="tunnel session started" obj=tunnels.session
2025-05-09 17:20:27,970 - pyngrok.process.ngrok - INFO - t=2025-05-09T17:20:27-0400 lvl=info msg=start pg=/api/tunnels id=fb5d1fe27f11db44
2025-05-09 17:20:27,970 - pyngrok.process.ngrok - INFO - t=2025-05-09T17:20:27-0400 lvl=info msg=end pg=/api/tunnels id=fb5d1fe27f11db44 status=200 dur=109.292µs
2025-05-09 17:20:27,971 - pyngrok.process.ngrok - INFO - t=2025-05-09T17:20:27-0400 lvl=info msg=start pg=/api/tunnels id=b61173bce2a70d4e
2025-05-09 17:20:27,971 - pyngrok.process.ngrok - INFO - t=2025-05-09T17:20:27-0400 lvl=info msg=end pg=/api/tunnels id=b61173bce2a70d4e status=200 dur=37.5µs
2025-05-09 17:20:27,971 - pyngrok.process.ngrok - INFO - t=2025-05-09T17:20:27-0400 lvl=info msg=start pg=/api/tunnels id=cbbd6f3c360e204e
2025-05-09 17:20:28,005 - pyngrok.process.ngrok - INFO - t=2025-05-09T17:20:28-0400 lvl=info msg="started tunnel" obj=tunnels name=images_server addr=http://localhost:8000 url=https://579f-65-112-8-17.ngrok-free.app
2025-05-09 17:20:28,005 - services.ngrok - INFO - ngrok tunnel for images started → https://579f-65-112-8-17.ngrok-free.app
2025-05-09 17:20:28,005 - pyngrok.process.ngrok - INFO - t=2025-05-09T17:20:28-0400 lvl=info msg=end pg=/api/tunnels id=cbbd6f3c360e204e status=201 dur=33.152875ms
2025-05-09 17:20:31,133 - pyngrok.process.ngrok - INFO - t=2025-05-09T17:20:31-0400 lvl=info msg="join connections" obj=join id=ccdc640182b3 l=127.0.0.1:8000 r=65.112.8.17:50152
2025-05-09 17:20:31,163 - services.ngrok - WARNING - ngrok tunnel test failed with status 404 (attempt 1/3)
2025-05-09 17:20:33,282 - pyngrok.process.ngrok - INFO - t=2025-05-09T17:20:33-0400 lvl=info msg="join connections" obj=join id=3ef1e1d3f95c l=127.0.0.1:8000 r=65.112.8.17:50165
2025-05-09 17:20:33,316 - services.ngrok - WARNING - ngrok tunnel test failed with status 404 (attempt 2/3)
2025-05-09 17:20:35,428 - pyngrok.process.ngrok - INFO - t=2025-05-09T17:20:35-0400 lvl=info msg="join connections" obj=join id=2ab5907c16b5 l=127.0.0.1:8000 r=65.112.8.17:50176
2025-05-09 17:20:35,463 - services.ngrok - WARNING - ngrok tunnel test failed with status 404 (attempt 3/3)
2025-05-09 17:20:37,467 - api.routes - INFO - Images accessible at: https://579f-65-112-8-17.ngrok-free.app
2025-05-09 17:20:37,469 - api.routes - INFO - Processing all 589 images
2025-05-09 17:20:37,579 - pyngrok.process.ngrok - INFO - t=2025-05-09T17:20:37-0400 lvl=info msg="join connections" obj=join id=4a4bf25923db l=127.0.0.1:8000 r=65.112.8.17:50187
